TN:
SF:src/index.ts
FN:33,(anonymous_1)
FN:38,(anonymous_2)
FN:39,(anonymous_3)
FNF:3
FNH:0
FNDA:0,(anonymous_1)
FNDA:0,(anonymous_2)
FNDA:0,(anonymous_3)
DA:1,0
DA:2,0
DA:3,0
DA:4,0
DA:5,0
DA:6,0
DA:7,0
DA:8,0
DA:10,0
DA:12,0
DA:13,0
DA:14,0
DA:17,0
DA:21,0
DA:24,0
DA:27,0
DA:30,0
DA:31,0
DA:33,0
DA:34,0
DA:38,0
DA:39,0
DA:40,0
DA:41,0
LF:24
LH:0
BRDA:14,0,0,0
BRDA:14,0,1,0
BRDA:18,1,0,0
BRDA:18,1,1,0
BRF:4
BRH:0
end_of_record
TN:
SF:src/config/database.ts
FN:3,(anonymous_1)
FNF:1
FNH:0
FNDA:0,(anonymous_1)
DA:1,0
DA:3,0
DA:4,0
DA:5,0
DA:6,0
DA:8,0
DA:9,0
LF:7
LH:0
BRDA:5,0,0,0
BRDA:5,0,1,0
BRF:2
BRH:0
end_of_record
TN:
SF:src/controllers/auctionController.ts
FN:6,(anonymous_1)
FN:28,(anonymous_2)
FN:54,(anonymous_3)
FN:101,(anonymous_4)
FNF:4
FNH:4
FNDA:2,(anonymous_1)
FNDA:2,(anonymous_2)
FNDA:11,(anonymous_3)
FNDA:2,(anonymous_4)
DA:3,1
DA:4,1
DA:6,1
DA:7,2
DA:8,2
DA:9,2
DA:11,2
DA:12,1
DA:15,2
DA:21,2
DA:23,0
DA:24,0
DA:28,1
DA:29,2
DA:30,2
DA:32,2
DA:37,2
DA:38,1
DA:42,1
DA:47,1
DA:49,0
DA:50,0
DA:54,1
DA:55,11
DA:56,11
DA:57,11
DA:59,11
DA:60,1
DA:66,10
DA:67,1
DA:73,9
DA:74,9
DA:76,9
DA:88,9
DA:90,9
DA:96,0
DA:97,0
DA:101,1
DA:102,2
DA:103,2
DA:104,2
DA:106,2
DA:111,2
DA:113,0
DA:114,0
LF:45
LH:37
BRDA:11,0,0,1
BRDA:37,1,0,1
BRDA:59,2,0,1
BRDA:66,3,0,1
BRDA:66,4,0,10
BRDA:66,4,1,10
BRDA:66,4,2,9
BRDA:78,5,0,9
BRDA:78,5,1,0
BRDA:104,6,0,1
BRF:10
BRH:9
end_of_record
TN:
SF:src/controllers/userController.ts
FN:7,(anonymous_1)
FN:58,(anonymous_2)
FN:107,(anonymous_3)
FNF:3
FNH:3
FNDA:18,(anonymous_1)
FNDA:3,(anonymous_2)
FNDA:2,(anonymous_3)
DA:3,2
DA:4,2
DA:5,2
DA:7,2
DA:8,18
DA:9,18
DA:11,18
DA:12,1
DA:18,17
DA:19,17
DA:20,1
DA:26,16
DA:28,16
DA:34,16
DA:36,16
DA:42,16
DA:53,0
DA:54,0
DA:58,2
DA:59,3
DA:60,3
DA:62,3
DA:63,0
DA:69,3
DA:70,3
DA:71,1
DA:77,2
DA:78,2
DA:79,1
DA:85,1
DA:91,1
DA:102,0
DA:103,0
DA:107,2
DA:108,2
DA:109,2
DA:111,2
DA:112,1
DA:118,1
DA:119,1
DA:120,0
DA:126,1
DA:136,0
DA:137,0
LF:44
LH:36
BRDA:11,0,0,1
BRDA:11,1,0,18
BRDA:11,1,1,18
BRDA:11,1,2,17
BRDA:19,2,0,1
BRDA:38,3,0,16
BRDA:38,3,1,16
BRDA:62,4,0,0
BRDA:62,5,0,3
BRDA:62,5,1,3
BRDA:70,6,0,1
BRDA:78,7,0,1
BRDA:87,8,0,1
BRDA:87,8,1,1
BRDA:111,9,0,1
BRDA:119,10,0,0
BRF:16
BRH:14
end_of_record
TN:
SF:src/middleware/auth.ts
FN:8,(anonymous_1)
FNF:1
FNH:1
FNDA:13,(anonymous_1)
DA:2,2
DA:8,2
DA:9,13
DA:11,13
DA:13,2
DA:14,2
DA:17,11
DA:18,11
DA:19,11
DA:20,11
DA:23,0
DA:24,0
LF:12
LH:10
BRDA:11,0,0,2
BRDA:18,1,0,11
BRDA:18,1,1,11
BRF:3
BRH:3
end_of_record
TN:
SF:src/models/Auction.ts
FNF:0
FNH:0
DA:1,1
DA:17,1
DA:31,1
LF:3
LH:3
BRF:0
BRH:0
end_of_record
TN:
SF:src/models/Bid.ts
FNF:0
FNH:0
DA:1,1
DA:12,1
DA:21,1
DA:23,1
LF:4
LH:4
BRF:0
BRH:0
end_of_record
TN:
SF:src/models/User.ts
FNF:0
FNH:0
DA:1,2
DA:10,2
DA:17,2
LF:3
LH:3
BRF:0
BRH:0
end_of_record
TN:
SF:src/routes/auctionRoutes.ts
FNF:0
FNH:0
DA:1,1
DA:2,1
DA:3,1
DA:5,1
DA:7,1
DA:8,1
DA:9,1
DA:10,1
DA:12,1
LF:9
LH:9
BRF:0
BRH:0
end_of_record
TN:
SF:src/routes/userRoutes.ts
FNF:0
FNH:0
DA:1,2
DA:2,2
DA:3,2
DA:5,2
DA:7,2
DA:8,2
DA:9,2
DA:11,2
LF:8
LH:8
BRF:0
BRH:0
end_of_record
TN:
SF:src/services/auctionState.ts
FN:13,(anonymous_0)
FN:16,(anonymous_1)
FN:29,(anonymous_2)
FN:33,(anonymous_3)
FN:45,(anonymous_4)
FN:52,(anonymous_5)
FN:59,(anonymous_6)
FN:66,(anonymous_7)
FN:71,(anonymous_8)
FN:81,(anonymous_9)
FN:91,(anonymous_10)
FN:99,(anonymous_11)
FN:107,(anonymous_12)
FN:108,(anonymous_13)
FNF:14
FNH:10
FNDA:1,(anonymous_0)
FNDA:11,(anonymous_1)
FNDA:6,(anonymous_2)
FNDA:6,(anonymous_3)
FNDA:1,(anonymous_4)
FNDA:4,(anonymous_5)
FNDA:1,(anonymous_6)
FNDA:2,(anonymous_7)
FNDA:2,(anonymous_8)
FNDA:0,(anonymous_9)
FNDA:0,(anonymous_10)
FNDA:10,(anonymous_11)
FNDA:0,(anonymous_12)
FNDA:0,(anonymous_13)
DA:14,1
DA:17,11
DA:18,10
DA:30,6
DA:34,6
DA:35,6
DA:37,5
DA:38,3
DA:39,3
DA:40,3
DA:42,2
DA:46,1
DA:47,1
DA:48,1
DA:53,4
DA:54,4
DA:55,4
DA:60,1
DA:61,1
DA:62,1
DA:67,2
DA:68,2
DA:72,2
DA:73,2
DA:74,2
DA:75,2
DA:76,0
DA:82,0
DA:83,0
DA:84,0
DA:85,0
DA:87,0
DA:92,0
DA:93,0
DA:94,0
DA:95,0
DA:100,10
DA:101,10
DA:102,0
DA:104,10
DA:108,0
DA:109,0
DA:110,0
DA:115,1
LF:44
LH:30
BRDA:17,0,0,10
BRDA:35,1,0,1
BRDA:35,2,0,6
BRDA:35,2,1,6
BRDA:37,3,0,3
BRDA:47,4,0,1
BRDA:47,5,0,1
BRDA:47,5,1,1
BRDA:54,6,0,4
BRDA:61,7,0,1
BRDA:68,8,0,2
BRDA:68,8,1,0
BRDA:73,9,0,2
BRDA:75,10,0,0
BRDA:83,11,0,0
BRDA:84,12,0,0
BRDA:93,13,0,0
BRDA:93,14,0,0
BRDA:93,14,1,0
BRDA:101,15,0,0
BRDA:101,16,0,10
BRDA:101,16,1,9
BRDA:110,17,0,0
BRDA:110,17,1,0
BRF:24
BRH:14
end_of_record
TN:
SF:src/socket/auctionHandlers.ts
FN:9,(anonymous_1)
FN:12,(anonymous_2)
FN:72,(anonymous_3)
FN:168,(anonymous_4)
FN:178,(anonymous_5)
FN:181,(anonymous_6)
FN:193,(anonymous_7)
FN:200,(anonymous_8)
FN:224,(anonymous_9)
FN:253,(anonymous_10)
FNF:10
FNH:0
FNDA:0,(anonymous_1)
FNDA:0,(anonymous_2)
FNDA:0,(anonymous_3)
FNDA:0,(anonymous_4)
FNDA:0,(anonymous_5)
FNDA:0,(anonymous_6)
FNDA:0,(anonymous_7)
FNDA:0,(anonymous_8)
FNDA:0,(anonymous_9)
FNDA:0,(anonymous_10)
DA:2,0
DA:3,0
DA:4,0
DA:6,0
DA:7,0
DA:9,0
DA:12,0
DA:13,0
DA:15,0
DA:16,0
DA:17,0
DA:18,0
DA:19,0
DA:23,0
DA:24,0
DA:27,0
DA:35,0
DA:40,0
DA:41,0
DA:44,0
DA:60,0
DA:63,0
DA:66,0
DA:67,0
DA:72,0
DA:73,0
DA:75,0
DA:76,0
DA:77,0
DA:78,0
DA:79,0
DA:82,0
DA:83,0
DA:84,0
DA:87,0
DA:88,0
DA:89,0
DA:90,0
DA:94,0
DA:95,0
DA:96,0
DA:100,0
DA:104,0
DA:105,0
DA:106,0
DA:110,0
DA:111,0
DA:112,0
DA:113,0
DA:117,0
DA:124,0
DA:127,0
DA:128,0
DA:129,0
DA:132,0
DA:133,0
DA:134,0
DA:135,0
DA:136,0
DA:137,0
DA:138,0
DA:142,0
DA:157,0
DA:158,0
DA:162,0
DA:163,0
DA:168,0
DA:169,0
DA:170,0
DA:171,0
DA:173,0
DA:174,0
DA:178,0
DA:180,0
DA:181,0
DA:182,0
DA:183,0
DA:184,0
DA:185,0
DA:186,0
DA:193,0
DA:194,0
DA:195,0
DA:198,0
DA:200,0
DA:201,0
DA:202,0
DA:204,0
DA:206,0
DA:207,0
DA:210,0
DA:216,0
DA:217,0
DA:221,0
DA:224,0
DA:225,0
DA:226,0
DA:228,0
DA:230,0
DA:232,0
DA:233,0
DA:234,0
DA:235,0
DA:238,0
DA:245,0
DA:248,0
DA:253,0
DA:254,0
DA:255,0
DA:257,0
DA:258,0
DA:259,0
DA:260,0
DA:266,0
DA:267,0
DA:270,0
DA:271,0
DA:275,0
LF:118
LH:0
BRDA:17,0,0,0
BRDA:49,1,0,0
BRDA:49,1,1,0
BRDA:51,2,0,0
BRDA:51,2,1,0
BRDA:77,3,0,0
BRDA:82,4,0,0
BRDA:88,5,0,0
BRDA:88,6,0,0
BRDA:88,6,1,0
BRDA:95,7,0,0
BRDA:104,8,0,0
BRDA:111,9,0,0
BRDA:134,10,0,0
BRDA:134,11,0,0
BRDA:134,11,1,0
BRDA:153,12,0,0
BRDA:153,12,1,0
BRDA:157,13,0,0
BRDA:182,14,0,0
BRDA:195,15,0,0
BRDA:195,16,0,0
BRDA:195,16,1,0
BRDA:202,17,0,0
BRDA:202,18,0,0
BRDA:202,18,1,0
BRDA:206,19,0,0
BRDA:206,19,1,0
BRDA:226,20,0,0
BRDA:226,21,0,0
BRDA:226,21,1,0
BRDA:233,22,0,0
BRDA:259,23,0,0
BRDA:259,23,1,0
BRF:34
BRH:0
end_of_record
TN:
SF:src/socket/index.ts
FN:5,(anonymous_0)
FN:14,(anonymous_1)
FN:20,(anonymous_2)
FNF:3
FNH:0
FNDA:0,(anonymous_0)
FNDA:0,(anonymous_1)
FNDA:0,(anonymous_2)
DA:2,0
DA:3,0
DA:5,0
DA:6,0
DA:14,0
DA:15,0
DA:18,0
DA:20,0
DA:21,0
DA:26,0
DA:28,0
LF:11
LH:0
BRDA:8,0,0,0
BRDA:8,0,1,0
BRF:2
BRH:0
end_of_record
